2025-01-27 19:28:29,138 [Worker-6: Loading available Gradle versions] INFO  o.e.b.c.i.u.g.PublishedGradleVersions - Gradle version information cache is up-to-date. Trying to read.
2025-01-27 19:29:08,419 [Worker-20: Building] INFO  o.e.m.c.i.l.LifecycleMappingFactory - Using org.maven.ide.eclipse.wtp.WarLifecycleMapping lifecycle mapping for MavenProject: shopping-cart:shopping-cart:0.0.1-SNAPSHOT @ C:\SRM\sem4\DBMS project\shopping-cart\pom.xml.
2025-01-27 19:29:08,521 [Worker-20: Building] WARN  o.e.m.c.i.embedder.EclipseLogger - The artifact mysql:mysql-connector-java:jar:8.0.33 has been relocated to com.mysql:mysql-connector-j:jar:8.0.33: MySQL Connector/J artifacts moved to reverse-DNS compliant Maven 2+ coordinates.
2025-01-27 19:29:08,603 [Worker-20: Building] WARN  o.e.m.c.i.embedder.EclipseLogger - The artifact mysql:mysql-connector-java:jar:8.0.33 has been relocated to com.mysql:mysql-connector-j:jar:8.0.33: MySQL Connector/J artifacts moved to reverse-DNS compliant Maven 2+ coordinates.
2025-01-27 19:29:09,864 [Worker-20: Building] WARN  o.a.m.s.f.DefaultMavenResourcesFiltering - Using platform encoding (UTF-8 actually) to copy filtered resources, i.e. build is platform dependent!
2025-01-27 19:29:09,876 [Worker-20: Building] INFO  o.a.m.s.f.DefaultMavenResourcesFiltering - Copying 1 resource from src to target\classes
2025-01-27 19:29:09,891 [Worker-20: Building] WARN  o.a.m.s.f.DefaultMavenResourcesFiltering - Using platform encoding (UTF-8 actually) to copy filtered resources, i.e. build is platform dependent!
2025-01-27 19:29:09,891 [Worker-20: Building] INFO  o.a.m.s.f.DefaultMavenResourcesFiltering - skip non existing resourceDirectory C:\SRM\sem4\DBMS project\shopping-cart\src\test\resources
2025-01-27 19:30:59,176 [main] INFO  o.e.m2e.actions.ExecutePomAction - Creating new launch configuration
2025-01-27 19:31:10,073 [Worker-159: Launching shopping-cart] INFO  o.eclipse.m2e.core.internal.Bundles - getClasspathEntries(Bundle=org.eclipse.m2e.maven.runtime_3.9.400.20230826-0755 [621])
2025-01-27 19:31:10,074 [Worker-159: Launching shopping-cart] INFO  o.eclipse.m2e.core.internal.Bundles - 	Entry: C:\Users\Reetam K\.p2\pool\plugins\org.eclipse.m2e.maven.runtime_3.9.400.20230826-0755
2025-01-27 19:31:10,074 [Worker-159: Launching shopping-cart] INFO  o.eclipse.m2e.core.internal.Bundles - 	Entry: C:\Users\Reetam K\.p2\pool\plugins\org.eclipse.m2e.maven.runtime_3.9.400.20230826-0755\jars\aether-connector-okhttp-0.17.8.jar
2025-01-27 19:31:10,074 [Worker-159: Launching shopping-cart] INFO  o.eclipse.m2e.core.internal.Bundles - 	Entry: C:\Users\Reetam K\.p2\pool\plugins\org.eclipse.m2e.maven.runtime_3.9.400.20230826-0755\jars\aopalliance-1.0.jar
2025-01-27 19:31:10,074 [Worker-159: Launching shopping-cart] INFO  o.eclipse.m2e.core.internal.Bundles - 	Entry: C:\Users\Reetam K\.p2\pool\plugins\org.eclipse.m2e.maven.runtime_3.9.400.20230826-0755\jars\commons-lang3-3.12.0.jar
2025-01-27 19:31:10,074 [Worker-159: Launching shopping-cart] INFO  o.eclipse.m2e.core.internal.Bundles - 	Entry: C:\Users\Reetam K\.p2\pool\plugins\org.eclipse.m2e.maven.runtime_3.9.400.20230826-0755\jars\guice-5.1.0.jar
2025-01-27 19:31:10,074 [Worker-159: Launching shopping-cart] INFO  o.eclipse.m2e.core.internal.Bundles - 	Entry: C:\Users\Reetam K\.p2\pool\plugins\org.eclipse.m2e.maven.runtime_3.9.400.20230826-0755\jars\jansi-2.4.0.jar
2025-01-27 19:31:10,074 [Worker-159: Launching shopping-cart] INFO  o.eclipse.m2e.core.internal.Bundles - 	Entry: C:\Users\Reetam K\.p2\pool\plugins\org.eclipse.m2e.maven.runtime_3.9.400.20230826-0755\jars\maven-artifact-3.9.4.jar
2025-01-27 19:31:10,074 [Worker-159: Launching shopping-cart] INFO  o.eclipse.m2e.core.internal.Bundles - 	Entry: C:\Users\Reetam K\.p2\pool\plugins\org.eclipse.m2e.maven.runtime_3.9.400.20230826-0755\jars\maven-builder-support-3.9.4.jar
2025-01-27 19:31:10,074 [Worker-159: Launching shopping-cart] INFO  o.eclipse.m2e.core.internal.Bundles - 	Entry: C:\Users\Reetam K\.p2\pool\plugins\org.eclipse.m2e.maven.runtime_3.9.400.20230826-0755\jars\maven-compat-3.9.4.jar
2025-01-27 19:31:10,074 [Worker-159: Launching shopping-cart] INFO  o.eclipse.m2e.core.internal.Bundles - 	Entry: C:\Users\Reetam K\.p2\pool\plugins\org.eclipse.m2e.maven.runtime_3.9.400.20230826-0755\jars\maven-core-3.9.4.jar
2025-01-27 19:31:10,074 [Worker-159: Launching shopping-cart] INFO  o.eclipse.m2e.core.internal.Bundles - 	Entry: C:\Users\Reetam K\.p2\pool\plugins\org.eclipse.m2e.maven.runtime_3.9.400.20230826-0755\jars\maven-embedder-3.9.4.jar
2025-01-27 19:31:10,076 [Worker-159: Launching shopping-cart] INFO  o.eclipse.m2e.core.internal.Bundles - 	Entry: C:\Users\Reetam K\.p2\pool\plugins\org.eclipse.m2e.maven.runtime_3.9.400.20230826-0755\jars\maven-model-3.9.4.jar
2025-01-27 19:31:10,076 [Worker-159: Launching shopping-cart] INFO  o.eclipse.m2e.core.internal.Bundles - 	Entry: C:\Users\Reetam K\.p2\pool\plugins\org.eclipse.m2e.maven.runtime_3.9.400.20230826-0755\jars\maven-model-builder-3.9.4.jar
2025-01-27 19:31:10,076 [Worker-159: Launching shopping-cart] INFO  o.eclipse.m2e.core.internal.Bundles - 	Entry: C:\Users\Reetam K\.p2\pool\plugins\org.eclipse.m2e.maven.runtime_3.9.400.20230826-0755\jars\maven-plugin-api-3.9.4.jar
2025-01-27 19:31:10,076 [Worker-159: Launching shopping-cart] INFO  o.eclipse.m2e.core.internal.Bundles - 	Entry: C:\Users\Reetam K\.p2\pool\plugins\org.eclipse.m2e.maven.runtime_3.9.400.20230826-0755\jars\maven-repository-metadata-3.9.4.jar
2025-01-27 19:31:10,076 [Worker-159: Launching shopping-cart] INFO  o.eclipse.m2e.core.internal.Bundles - 	Entry: C:\Users\Reetam K\.p2\pool\plugins\org.eclipse.m2e.maven.runtime_3.9.400.20230826-0755\jars\maven-resolver-api-1.9.14.jar
2025-01-27 19:31:10,076 [Worker-159: Launching shopping-cart] INFO  o.eclipse.m2e.core.internal.Bundles - 	Entry: C:\Users\Reetam K\.p2\pool\plugins\org.eclipse.m2e.maven.runtime_3.9.400.20230826-0755\jars\maven-resolver-connector-basic-1.9.14.jar
2025-01-27 19:31:10,076 [Worker-159: Launching shopping-cart] INFO  o.eclipse.m2e.core.internal.Bundles - 	Entry: C:\Users\Reetam K\.p2\pool\plugins\org.eclipse.m2e.maven.runtime_3.9.400.20230826-0755\jars\maven-resolver-impl-1.9.14.jar
2025-01-27 19:31:10,076 [Worker-159: Launching shopping-cart] INFO  o.eclipse.m2e.core.internal.Bundles - 	Entry: C:\Users\Reetam K\.p2\pool\plugins\org.eclipse.m2e.maven.runtime_3.9.400.20230826-0755\jars\maven-resolver-named-locks-1.9.14.jar
2025-01-27 19:31:10,076 [Worker-159: Launching shopping-cart] INFO  o.eclipse.m2e.core.internal.Bundles - 	Entry: C:\Users\Reetam K\.p2\pool\plugins\org.eclipse.m2e.maven.runtime_3.9.400.20230826-0755\jars\maven-resolver-provider-3.9.4.jar
2025-01-27 19:31:10,076 [Worker-159: Launching shopping-cart] INFO  o.eclipse.m2e.core.internal.Bundles - 	Entry: C:\Users\Reetam K\.p2\pool\plugins\org.eclipse.m2e.maven.runtime_3.9.400.20230826-0755\jars\maven-resolver-spi-1.9.14.jar
2025-01-27 19:31:10,076 [Worker-159: Launching shopping-cart] INFO  o.eclipse.m2e.core.internal.Bundles - 	Entry: C:\Users\Reetam K\.p2\pool\plugins\org.eclipse.m2e.maven.runtime_3.9.400.20230826-0755\jars\maven-resolver-transport-wagon-1.9.14.jar
2025-01-27 19:31:10,076 [Worker-159: Launching shopping-cart] INFO  o.eclipse.m2e.core.internal.Bundles - 	Entry: C:\Users\Reetam K\.p2\pool\plugins\org.eclipse.m2e.maven.runtime_3.9.400.20230826-0755\jars\maven-resolver-util-1.9.14.jar
2025-01-27 19:31:10,076 [Worker-159: Launching shopping-cart] INFO  o.eclipse.m2e.core.internal.Bundles - 	Entry: C:\Users\Reetam K\.p2\pool\plugins\org.eclipse.m2e.maven.runtime_3.9.400.20230826-0755\jars\maven-settings-3.9.4.jar
2025-01-27 19:31:10,076 [Worker-159: Launching shopping-cart] INFO  o.eclipse.m2e.core.internal.Bundles - 	Entry: C:\Users\Reetam K\.p2\pool\plugins\org.eclipse.m2e.maven.runtime_3.9.400.20230826-0755\jars\maven-settings-builder-3.9.4.jar
2025-01-27 19:31:10,076 [Worker-159: Launching shopping-cart] INFO  o.eclipse.m2e.core.internal.Bundles - 	Entry: C:\Users\Reetam K\.p2\pool\plugins\org.eclipse.m2e.maven.runtime_3.9.400.20230826-0755\jars\maven-shared-utils-3.3.4.jar
2025-01-27 19:31:10,076 [Worker-159: Launching shopping-cart] INFO  o.eclipse.m2e.core.internal.Bundles - 	Entry: C:\Users\Reetam K\.p2\pool\plugins\org.eclipse.m2e.maven.runtime_3.9.400.20230826-0755\jars\okhttp-3.14.1.jar
2025-01-27 19:31:10,076 [Worker-159: Launching shopping-cart] INFO  o.eclipse.m2e.core.internal.Bundles - 	Entry: C:\Users\Reetam K\.p2\pool\plugins\org.eclipse.m2e.maven.runtime_3.9.400.20230826-0755\jars\okio-1.17.3.jar
2025-01-27 19:31:10,077 [Worker-159: Launching shopping-cart] INFO  o.eclipse.m2e.core.internal.Bundles - 	Entry: C:\Users\Reetam K\.p2\pool\plugins\org.eclipse.m2e.maven.runtime_3.9.400.20230826-0755\jars\org.eclipse.sisu.inject-0.3.5.jar
2025-01-27 19:31:10,077 [Worker-159: Launching shopping-cart] INFO  o.eclipse.m2e.core.internal.Bundles - 	Entry: C:\Users\Reetam K\.p2\pool\plugins\org.eclipse.m2e.maven.runtime_3.9.400.20230826-0755\jars\org.eclipse.sisu.plexus-0.3.5.jar
2025-01-27 19:31:10,077 [Worker-159: Launching shopping-cart] INFO  o.eclipse.m2e.core.internal.Bundles - 	Entry: C:\Users\Reetam K\.p2\pool\plugins\org.eclipse.m2e.maven.runtime_3.9.400.20230826-0755\jars\plexus-build-api-0.0.7.jar
2025-01-27 19:31:10,077 [Worker-159: Launching shopping-cart] INFO  o.eclipse.m2e.core.internal.Bundles - 	Entry: C:\Users\Reetam K\.p2\pool\plugins\org.eclipse.m2e.maven.runtime_3.9.400.20230826-0755\jars\plexus-cipher-2.0.jar
2025-01-27 19:31:10,077 [Worker-159: Launching shopping-cart] INFO  o.eclipse.m2e.core.internal.Bundles - 	Entry: C:\Users\Reetam K\.p2\pool\plugins\org.eclipse.m2e.maven.runtime_3.9.400.20230826-0755\jars\plexus-classworlds-2.7.0.jar
2025-01-27 19:31:10,077 [Worker-159: Launching shopping-cart] INFO  o.eclipse.m2e.core.internal.Bundles - 	Entry: C:\Users\Reetam K\.p2\pool\plugins\org.eclipse.m2e.maven.runtime_3.9.400.20230826-0755\jars\plexus-component-annotations-2.1.0.jar
2025-01-27 19:31:10,077 [Worker-159: Launching shopping-cart] INFO  o.eclipse.m2e.core.internal.Bundles - 	Entry: C:\Users\Reetam K\.p2\pool\plugins\org.eclipse.m2e.maven.runtime_3.9.400.20230826-0755\jars\plexus-interpolation-1.26.jar
2025-01-27 19:31:10,077 [Worker-159: Launching shopping-cart] INFO  o.eclipse.m2e.core.internal.Bundles - 	Entry: C:\Users\Reetam K\.p2\pool\plugins\org.eclipse.m2e.maven.runtime_3.9.400.20230826-0755\jars\plexus-sec-dispatcher-2.0.jar
2025-01-27 19:31:10,077 [Worker-159: Launching shopping-cart] INFO  o.eclipse.m2e.core.internal.Bundles - 	Entry: C:\Users\Reetam K\.p2\pool\plugins\org.eclipse.m2e.maven.runtime_3.9.400.20230826-0755\jars\plexus-utils-3.5.1.jar
2025-01-27 19:31:10,077 [Worker-159: Launching shopping-cart] INFO  o.eclipse.m2e.core.internal.Bundles - 	Entry: C:\Users\Reetam K\.p2\pool\plugins\org.eclipse.m2e.maven.runtime_3.9.400.20230826-0755\jars\wagon-file-3.5.3.jar
2025-01-27 19:31:10,077 [Worker-159: Launching shopping-cart] INFO  o.eclipse.m2e.core.internal.Bundles - 	Entry: C:\Users\Reetam K\.p2\pool\plugins\org.eclipse.m2e.maven.runtime_3.9.400.20230826-0755\jars\wagon-provider-api-3.5.3.jar
2025-01-27 19:31:10,079 [Worker-159: Launching shopping-cart] INFO  o.eclipse.m2e.core.internal.Bundles - getClasspathEntries(Bundle=com.google.guava_32.1.2.jre [12])
2025-01-27 19:31:10,079 [Worker-159: Launching shopping-cart] INFO  o.eclipse.m2e.core.internal.Bundles - 	Entry: C:\Users\Reetam K\.p2\pool\plugins\com.google.guava_32.1.2.jre.jar
2025-01-27 19:31:10,079 [Worker-159: Launching shopping-cart] INFO  o.eclipse.m2e.core.internal.Bundles - getClasspathEntries(Bundle=slf4j.api_2.0.9 [982])
2025-01-27 19:31:10,079 [Worker-159: Launching shopping-cart] INFO  o.eclipse.m2e.core.internal.Bundles - 	Entry: C:\Users\Reetam K\.p2\pool\plugins\slf4j.api_2.0.9.jar
2025-01-27 19:31:10,079 [Worker-159: Launching shopping-cart] INFO  o.eclipse.m2e.core.internal.Bundles - getClasspathEntries(Bundle=javax.inject_1.0.0.v20220405-0441 [38])
2025-01-27 19:31:10,079 [Worker-159: Launching shopping-cart] INFO  o.eclipse.m2e.core.internal.Bundles - 	Entry: C:\Users\Reetam K\.p2\pool\plugins\javax.inject_1.0.0.v20220405-0441.jar
2025-01-27 19:31:10,079 [Worker-159: Launching shopping-cart] INFO  o.eclipse.m2e.core.internal.Bundles - getClasspathEntries(Bundle=javax.annotation_1.3.5.v20200909-1856 [36])
2025-01-27 19:31:10,079 [Worker-159: Launching shopping-cart] INFO  o.eclipse.m2e.core.internal.Bundles - 	Entry: C:\Users\Reetam K\.p2\pool\plugins\javax.annotation_1.3.5.v20200909-1856.jar
2025-01-27 19:31:10,080 [Worker-159: Launching shopping-cart] INFO  o.eclipse.m2e.core.internal.Bundles - getClasspathEntries(Bundle=org.apache.commons.cli_1.5.0 [73])
2025-01-27 19:31:10,080 [Worker-159: Launching shopping-cart] INFO  o.eclipse.m2e.core.internal.Bundles - 	Entry: C:\Users\Reetam K\.p2\pool\plugins\org.apache.commons.cli_1.5.0.jar
2025-01-27 19:31:10,080 [Worker-159: Launching shopping-cart] INFO  o.eclipse.m2e.core.internal.Bundles - getClasspathEntries(Bundle=com.google.guava.failureaccess_1.0.1 [14])
2025-01-27 19:31:10,080 [Worker-159: Launching shopping-cart] INFO  o.eclipse.m2e.core.internal.Bundles - 	Entry: C:\Users\Reetam K\.p2\pool\plugins\com.google.guava.failureaccess_1.0.1.jar
2025-01-27 19:31:10,081 [Worker-159: Launching shopping-cart] INFO  o.e.m.i.launch.MavenLaunchDelegate - Run build in "C:\SRM\sem4\DBMS project\shopping-cart":
2025-01-27 19:31:10,083 [Worker-159: Launching shopping-cart] INFO  o.e.m.i.launch.MavenLaunchDelegate -  mvn  -B -Dstyle.color=always 
2025-01-27 19:34:46,941 [Worker-111: Launching shopping-cart] INFO  o.eclipse.m2e.core.internal.Bundles - getClasspathEntries(Bundle=org.eclipse.m2e.maven.runtime_3.9.400.20230826-0755 [621])
2025-01-27 19:34:46,941 [Worker-111: Launching shopping-cart] INFO  o.eclipse.m2e.core.internal.Bundles - 	Entry: C:\Users\Reetam K\.p2\pool\plugins\org.eclipse.m2e.maven.runtime_3.9.400.20230826-0755
2025-01-27 19:34:46,941 [Worker-111: Launching shopping-cart] INFO  o.eclipse.m2e.core.internal.Bundles - 	Entry: C:\Users\Reetam K\.p2\pool\plugins\org.eclipse.m2e.maven.runtime_3.9.400.20230826-0755\jars\aether-connector-okhttp-0.17.8.jar
2025-01-27 19:34:46,941 [Worker-111: Launching shopping-cart] INFO  o.eclipse.m2e.core.internal.Bundles - 	Entry: C:\Users\Reetam K\.p2\pool\plugins\org.eclipse.m2e.maven.runtime_3.9.400.20230826-0755\jars\aopalliance-1.0.jar
2025-01-27 19:34:46,941 [Worker-111: Launching shopping-cart] INFO  o.eclipse.m2e.core.internal.Bundles - 	Entry: C:\Users\Reetam K\.p2\pool\plugins\org.eclipse.m2e.maven.runtime_3.9.400.20230826-0755\jars\commons-lang3-3.12.0.jar
2025-01-27 19:34:46,941 [Worker-111: Launching shopping-cart] INFO  o.eclipse.m2e.core.internal.Bundles - 	Entry: C:\Users\Reetam K\.p2\pool\plugins\org.eclipse.m2e.maven.runtime_3.9.400.20230826-0755\jars\guice-5.1.0.jar
2025-01-27 19:34:46,942 [Worker-111: Launching shopping-cart] INFO  o.eclipse.m2e.core.internal.Bundles - 	Entry: C:\Users\Reetam K\.p2\pool\plugins\org.eclipse.m2e.maven.runtime_3.9.400.20230826-0755\jars\jansi-2.4.0.jar
2025-01-27 19:34:46,942 [Worker-111: Launching shopping-cart] INFO  o.eclipse.m2e.core.internal.Bundles - 	Entry: C:\Users\Reetam K\.p2\pool\plugins\org.eclipse.m2e.maven.runtime_3.9.400.20230826-0755\jars\maven-artifact-3.9.4.jar
2025-01-27 19:34:46,942 [Worker-111: Launching shopping-cart] INFO  o.eclipse.m2e.core.internal.Bundles - 	Entry: C:\Users\Reetam K\.p2\pool\plugins\org.eclipse.m2e.maven.runtime_3.9.400.20230826-0755\jars\maven-builder-support-3.9.4.jar
2025-01-27 19:34:46,942 [Worker-111: Launching shopping-cart] INFO  o.eclipse.m2e.core.internal.Bundles - 	Entry: C:\Users\Reetam K\.p2\pool\plugins\org.eclipse.m2e.maven.runtime_3.9.400.20230826-0755\jars\maven-compat-3.9.4.jar
2025-01-27 19:34:46,942 [Worker-111: Launching shopping-cart] INFO  o.eclipse.m2e.core.internal.Bundles - 	Entry: C:\Users\Reetam K\.p2\pool\plugins\org.eclipse.m2e.maven.runtime_3.9.400.20230826-0755\jars\maven-core-3.9.4.jar
2025-01-27 19:34:46,942 [Worker-111: Launching shopping-cart] INFO  o.eclipse.m2e.core.internal.Bundles - 	Entry: C:\Users\Reetam K\.p2\pool\plugins\org.eclipse.m2e.maven.runtime_3.9.400.20230826-0755\jars\maven-embedder-3.9.4.jar
2025-01-27 19:34:46,942 [Worker-111: Launching shopping-cart] INFO  o.eclipse.m2e.core.internal.Bundles - 	Entry: C:\Users\Reetam K\.p2\pool\plugins\org.eclipse.m2e.maven.runtime_3.9.400.20230826-0755\jars\maven-model-3.9.4.jar
2025-01-27 19:34:46,942 [Worker-111: Launching shopping-cart] INFO  o.eclipse.m2e.core.internal.Bundles - 	Entry: C:\Users\Reetam K\.p2\pool\plugins\org.eclipse.m2e.maven.runtime_3.9.400.20230826-0755\jars\maven-model-builder-3.9.4.jar
2025-01-27 19:34:46,942 [Worker-111: Launching shopping-cart] INFO  o.eclipse.m2e.core.internal.Bundles - 	Entry: C:\Users\Reetam K\.p2\pool\plugins\org.eclipse.m2e.maven.runtime_3.9.400.20230826-0755\jars\maven-plugin-api-3.9.4.jar
2025-01-27 19:34:46,942 [Worker-111: Launching shopping-cart] INFO  o.eclipse.m2e.core.internal.Bundles - 	Entry: C:\Users\Reetam K\.p2\pool\plugins\org.eclipse.m2e.maven.runtime_3.9.400.20230826-0755\jars\maven-repository-metadata-3.9.4.jar
2025-01-27 19:34:46,942 [Worker-111: Launching shopping-cart] INFO  o.eclipse.m2e.core.internal.Bundles - 	Entry: C:\Users\Reetam K\.p2\pool\plugins\org.eclipse.m2e.maven.runtime_3.9.400.20230826-0755\jars\maven-resolver-api-1.9.14.jar
2025-01-27 19:34:46,942 [Worker-111: Launching shopping-cart] INFO  o.eclipse.m2e.core.internal.Bundles - 	Entry: C:\Users\Reetam K\.p2\pool\plugins\org.eclipse.m2e.maven.runtime_3.9.400.20230826-0755\jars\maven-resolver-connector-basic-1.9.14.jar
2025-01-27 19:34:46,942 [Worker-111: Launching shopping-cart] INFO  o.eclipse.m2e.core.internal.Bundles - 	Entry: C:\Users\Reetam K\.p2\pool\plugins\org.eclipse.m2e.maven.runtime_3.9.400.20230826-0755\jars\maven-resolver-impl-1.9.14.jar
2025-01-27 19:34:46,942 [Worker-111: Launching shopping-cart] INFO  o.eclipse.m2e.core.internal.Bundles - 	Entry: C:\Users\Reetam K\.p2\pool\plugins\org.eclipse.m2e.maven.runtime_3.9.400.20230826-0755\jars\maven-resolver-named-locks-1.9.14.jar
2025-01-27 19:34:46,942 [Worker-111: Launching shopping-cart] INFO  o.eclipse.m2e.core.internal.Bundles - 	Entry: C:\Users\Reetam K\.p2\pool\plugins\org.eclipse.m2e.maven.runtime_3.9.400.20230826-0755\jars\maven-resolver-provider-3.9.4.jar
2025-01-27 19:34:46,942 [Worker-111: Launching shopping-cart] INFO  o.eclipse.m2e.core.internal.Bundles - 	Entry: C:\Users\Reetam K\.p2\pool\plugins\org.eclipse.m2e.maven.runtime_3.9.400.20230826-0755\jars\maven-resolver-spi-1.9.14.jar
2025-01-27 19:34:46,942 [Worker-111: Launching shopping-cart] INFO  o.eclipse.m2e.core.internal.Bundles - 	Entry: C:\Users\Reetam K\.p2\pool\plugins\org.eclipse.m2e.maven.runtime_3.9.400.20230826-0755\jars\maven-resolver-transport-wagon-1.9.14.jar
2025-01-27 19:34:46,942 [Worker-111: Launching shopping-cart] INFO  o.eclipse.m2e.core.internal.Bundles - 	Entry: C:\Users\Reetam K\.p2\pool\plugins\org.eclipse.m2e.maven.runtime_3.9.400.20230826-0755\jars\maven-resolver-util-1.9.14.jar
2025-01-27 19:34:46,944 [Worker-111: Launching shopping-cart] INFO  o.eclipse.m2e.core.internal.Bundles - 	Entry: C:\Users\Reetam K\.p2\pool\plugins\org.eclipse.m2e.maven.runtime_3.9.400.20230826-0755\jars\maven-settings-3.9.4.jar
2025-01-27 19:34:46,944 [Worker-111: Launching shopping-cart] INFO  o.eclipse.m2e.core.internal.Bundles - 	Entry: C:\Users\Reetam K\.p2\pool\plugins\org.eclipse.m2e.maven.runtime_3.9.400.20230826-0755\jars\maven-settings-builder-3.9.4.jar
2025-01-27 19:34:46,944 [Worker-111: Launching shopping-cart] INFO  o.eclipse.m2e.core.internal.Bundles - 	Entry: C:\Users\Reetam K\.p2\pool\plugins\org.eclipse.m2e.maven.runtime_3.9.400.20230826-0755\jars\maven-shared-utils-3.3.4.jar
2025-01-27 19:34:46,944 [Worker-111: Launching shopping-cart] INFO  o.eclipse.m2e.core.internal.Bundles - 	Entry: C:\Users\Reetam K\.p2\pool\plugins\org.eclipse.m2e.maven.runtime_3.9.400.20230826-0755\jars\okhttp-3.14.1.jar
2025-01-27 19:34:46,944 [Worker-111: Launching shopping-cart] INFO  o.eclipse.m2e.core.internal.Bundles - 	Entry: C:\Users\Reetam K\.p2\pool\plugins\org.eclipse.m2e.maven.runtime_3.9.400.20230826-0755\jars\okio-1.17.3.jar
2025-01-27 19:34:46,944 [Worker-111: Launching shopping-cart] INFO  o.eclipse.m2e.core.internal.Bundles - 	Entry: C:\Users\Reetam K\.p2\pool\plugins\org.eclipse.m2e.maven.runtime_3.9.400.20230826-0755\jars\org.eclipse.sisu.inject-0.3.5.jar
2025-01-27 19:34:46,944 [Worker-111: Launching shopping-cart] INFO  o.eclipse.m2e.core.internal.Bundles - 	Entry: C:\Users\Reetam K\.p2\pool\plugins\org.eclipse.m2e.maven.runtime_3.9.400.20230826-0755\jars\org.eclipse.sisu.plexus-0.3.5.jar
2025-01-27 19:34:46,944 [Worker-111: Launching shopping-cart] INFO  o.eclipse.m2e.core.internal.Bundles - 	Entry: C:\Users\Reetam K\.p2\pool\plugins\org.eclipse.m2e.maven.runtime_3.9.400.20230826-0755\jars\plexus-build-api-0.0.7.jar
2025-01-27 19:34:46,944 [Worker-111: Launching shopping-cart] INFO  o.eclipse.m2e.core.internal.Bundles - 	Entry: C:\Users\Reetam K\.p2\pool\plugins\org.eclipse.m2e.maven.runtime_3.9.400.20230826-0755\jars\plexus-cipher-2.0.jar
2025-01-27 19:34:46,944 [Worker-111: Launching shopping-cart] INFO  o.eclipse.m2e.core.internal.Bundles - 	Entry: C:\Users\Reetam K\.p2\pool\plugins\org.eclipse.m2e.maven.runtime_3.9.400.20230826-0755\jars\plexus-classworlds-2.7.0.jar
2025-01-27 19:34:46,944 [Worker-111: Launching shopping-cart] INFO  o.eclipse.m2e.core.internal.Bundles - 	Entry: C:\Users\Reetam K\.p2\pool\plugins\org.eclipse.m2e.maven.runtime_3.9.400.20230826-0755\jars\plexus-component-annotations-2.1.0.jar
2025-01-27 19:34:46,944 [Worker-111: Launching shopping-cart] INFO  o.eclipse.m2e.core.internal.Bundles - 	Entry: C:\Users\Reetam K\.p2\pool\plugins\org.eclipse.m2e.maven.runtime_3.9.400.20230826-0755\jars\plexus-interpolation-1.26.jar
2025-01-27 19:34:46,944 [Worker-111: Launching shopping-cart] INFO  o.eclipse.m2e.core.internal.Bundles - 	Entry: C:\Users\Reetam K\.p2\pool\plugins\org.eclipse.m2e.maven.runtime_3.9.400.20230826-0755\jars\plexus-sec-dispatcher-2.0.jar
2025-01-27 19:34:46,944 [Worker-111: Launching shopping-cart] INFO  o.eclipse.m2e.core.internal.Bundles - 	Entry: C:\Users\Reetam K\.p2\pool\plugins\org.eclipse.m2e.maven.runtime_3.9.400.20230826-0755\jars\plexus-utils-3.5.1.jar
2025-01-27 19:34:46,944 [Worker-111: Launching shopping-cart] INFO  o.eclipse.m2e.core.internal.Bundles - 	Entry: C:\Users\Reetam K\.p2\pool\plugins\org.eclipse.m2e.maven.runtime_3.9.400.20230826-0755\jars\wagon-file-3.5.3.jar
2025-01-27 19:34:46,944 [Worker-111: Launching shopping-cart] INFO  o.eclipse.m2e.core.internal.Bundles - 	Entry: C:\Users\Reetam K\.p2\pool\plugins\org.eclipse.m2e.maven.runtime_3.9.400.20230826-0755\jars\wagon-provider-api-3.5.3.jar
2025-01-27 19:34:46,944 [Worker-111: Launching shopping-cart] INFO  o.eclipse.m2e.core.internal.Bundles - getClasspathEntries(Bundle=com.google.guava_32.1.2.jre [12])
2025-01-27 19:34:46,946 [Worker-111: Launching shopping-cart] INFO  o.eclipse.m2e.core.internal.Bundles - 	Entry: C:\Users\Reetam K\.p2\pool\plugins\com.google.guava_32.1.2.jre.jar
2025-01-27 19:34:46,946 [Worker-111: Launching shopping-cart] INFO  o.eclipse.m2e.core.internal.Bundles - getClasspathEntries(Bundle=slf4j.api_2.0.9 [982])
2025-01-27 19:34:46,946 [Worker-111: Launching shopping-cart] INFO  o.eclipse.m2e.core.internal.Bundles - 	Entry: C:\Users\Reetam K\.p2\pool\plugins\slf4j.api_2.0.9.jar
2025-01-27 19:34:46,946 [Worker-111: Launching shopping-cart] INFO  o.eclipse.m2e.core.internal.Bundles - getClasspathEntries(Bundle=javax.inject_1.0.0.v20220405-0441 [38])
2025-01-27 19:34:46,946 [Worker-111: Launching shopping-cart] INFO  o.eclipse.m2e.core.internal.Bundles - 	Entry: C:\Users\Reetam K\.p2\pool\plugins\javax.inject_1.0.0.v20220405-0441.jar
2025-01-27 19:34:46,946 [Worker-111: Launching shopping-cart] INFO  o.eclipse.m2e.core.internal.Bundles - getClasspathEntries(Bundle=javax.annotation_1.3.5.v20200909-1856 [36])
2025-01-27 19:34:46,946 [Worker-111: Launching shopping-cart] INFO  o.eclipse.m2e.core.internal.Bundles - 	Entry: C:\Users\Reetam K\.p2\pool\plugins\javax.annotation_1.3.5.v20200909-1856.jar
2025-01-27 19:34:46,946 [Worker-111: Launching shopping-cart] INFO  o.eclipse.m2e.core.internal.Bundles - getClasspathEntries(Bundle=org.apache.commons.cli_1.5.0 [73])
2025-01-27 19:34:46,946 [Worker-111: Launching shopping-cart] INFO  o.eclipse.m2e.core.internal.Bundles - 	Entry: C:\Users\Reetam K\.p2\pool\plugins\org.apache.commons.cli_1.5.0.jar
2025-01-27 19:34:46,946 [Worker-111: Launching shopping-cart] INFO  o.eclipse.m2e.core.internal.Bundles - getClasspathEntries(Bundle=com.google.guava.failureaccess_1.0.1 [14])
2025-01-27 19:34:46,946 [Worker-111: Launching shopping-cart] INFO  o.eclipse.m2e.core.internal.Bundles - 	Entry: C:\Users\Reetam K\.p2\pool\plugins\com.google.guava.failureaccess_1.0.1.jar
2025-01-27 19:34:46,947 [Worker-111: Launching shopping-cart] INFO  o.e.m.i.launch.MavenLaunchDelegate - Run build in "C:\SRM\sem4\DBMS project\shopping-cart":
2025-01-27 19:34:46,947 [Worker-111: Launching shopping-cart] INFO  o.e.m.i.launch.MavenLaunchDelegate -  mvn  -B -Dstyle.color=always 
2025-01-27 20:02:16,719 [Worker-6: Loading available Gradle versions] INFO  o.e.b.c.i.u.g.PublishedGradleVersions - Gradle version information cache is up-to-date. Trying to read.
